#
# There is insufficient memory for the Java Runtime Environment to continue.
# Native memory allocation (malloc) failed to allocate 2321936 bytes for Chunk::new
# Possible reasons:
#   The system is out of physical RAM or swap space
#   In 32 bit mode, the process size limit was hit
# Possible solutions:
#   Reduce memory load on the system
#   Increase physical memory or swap space
#   Check if swap backing store is full
#   Use 64 bit Java on a 64 bit OS
#   Decrease Java heap size (-Xmx/-Xms)
#   Decrease number of Java threads
#   Decrease Java thread stack sizes (-Xss)
#   Set larger code cache with -XX:ReservedCodeCacheSize=
# This output file may be truncated or incomplete.
#
#  Out of Memory Error (allocation.cpp:390), pid=14664, tid=0x0000000000003b54
#
# JRE version: OpenJDK Runtime Environment (8.0_152-b01) (build 1.8.0_152-release-1248-b01)
# Java VM: OpenJDK 64-Bit Server VM (25.152-b01 mixed mode windows-amd64 compressed oops)
# Failed to write core dump. Minidumps are not enabled by default on client versions of Windows
#

---------------  T H R E A D  ---------------

Current thread (0x0000000016d78800):  JavaThread "C2 CompilerThread0" daemon [_thread_in_native, id=15188, stack(0x0000000018670000,0x0000000018770000)]

Stack: [0x0000000018670000,0x0000000018770000]
[error occurred during error reporting (printing stack bounds), id 0xc0000005]

Native frames: (J=compiled Java code, j=interpreted, Vv=VM code, C=native code)


Current CompileTask:
C2:   3795 1833       4       java.net.URLClassLoader$1::run (5 bytes)


---------------  P R O C E S S  ---------------

Java Threads: ( => current thread )
  0x000000001bb5b800 JavaThread "Cache worker for journal cache (C:\Users\ADG\.gradle\caches\journal-1)" [_thread_blocked, id=8360, stack(0x000000001e460000,0x000000001e560000)]
  0x000000001bb5d800 JavaThread "Cache worker for file hash cache (H:\momo\.gradle\4.10.1\fileHashes)" [_thread_blocked, id=8792, stack(0x000000001d390000,0x000000001d490000)]
  0x0000000019f85800 JavaThread "File lock request listener" [_thread_in_native, id=14992, stack(0x000000001d290000,0x000000001d390000)]
  0x000000001b7a3000 JavaThread "Cache worker for file hash cache (C:\Users\ADG\.gradle\caches\4.10.1\fileHashes)" [_thread_blocked, id=14996, stack(0x000000001d190000,0x000000001d290000)]
  0x0000000019e1b000 JavaThread "Stdin handler" [_thread_blocked, id=15064, stack(0x000000001aef0000,0x000000001aff0000)]
  0x0000000019e1a000 JavaThread "Asynchronous log dispatcher for DefaultDaemonConnection: socket connection from /127.0.0.1:51652 to /127.0.0.1:51653" [_thread_blocked, id=7056, stack(0x000000001adf0000,0x000000001aef0000)]
  0x0000000019e12800 JavaThread "Daemon worker" [_thread_in_vm, id=14552, stack(0x000000001aaf0000,0x000000001abf0000)]
  0x0000000019e10800 JavaThread "Cancel handler" [_thread_blocked, id=11348, stack(0x000000001a9f0000,0x000000001aaf0000)]
  0x0000000019ba3000 JavaThread "Handler for socket connection from /127.0.0.1:51652 to /127.0.0.1:51653" [_thread_in_native, id=6308, stack(0x000000001a8f0000,0x000000001a9f0000)]
  0x0000000019b9b800 JavaThread "Daemon" [_thread_blocked, id=10548, stack(0x000000001a7f0000,0x000000001a8f0000)]
  0x0000000019b46800 JavaThread "Daemon periodic checks" [_thread_blocked, id=14548, stack(0x000000001a6f0000,0x000000001a7f0000)]
  0x0000000019b17000 JavaThread "Incoming local TCP Connector on port 51652" [_thread_in_native, id=8476, stack(0x000000001a540000,0x000000001a640000)]
  0x00000000180ec800 JavaThread "Service Thread" daemon [_thread_blocked, id=15168, stack(0x0000000018970000,0x0000000018a70000)]
  0x00000000180b0800 JavaThread "C1 CompilerThread2" daemon [_thread_blocked, id=15172, stack(0x0000000018870000,0x0000000018970000)]
  0x000000001807b000 JavaThread "C2 CompilerThread1" daemon [_thread_in_native, id=15184, stack(0x0000000018770000,0x0000000018870000)]
=>0x0000000016d78800 JavaThread "C2 CompilerThread0" daemon [_thread_in_native, id=15188, stack(0x0000000018670000,0x0000000018770000)]
  0x0000000018078800 JavaThread "Attach Listener" daemon [_thread_blocked, id=15212, stack(0x0000000018570000,0x0000000018670000)]
  0x0000000016d2e000 JavaThread "Signal Dispatcher" daemon [_thread_blocked, id=8100, stack(0x0000000018470000,0x0000000018570000)]
  0x00000000033ab000 JavaThread "Finalizer" daemon [_thread_blocked, id=4504, stack(0x0000000017f70000,0x0000000018070000)]
  0x00000000033a0800 JavaThread "Reference Handler" daemon [_thread_blocked, id=15004, stack(0x0000000017e70000,0x0000000017f70000)]
  0x0000000000dfd800 JavaThread "main" [_thread_blocked, id=12652, stack(0x0000000002d70000,0x0000000002e70000)]

Other Threads:
  0x0000000016ce6800 VMThread [stack: 0x0000000017d70000,0x0000000017e70000] [id=15000]
  0x00000000180ee000 WatcherThread [stack: 0x0000000018a70000,0x0000000018b70000] [id=15164]

VM state:not at safepoint (normal execution)

VM Mutex/Monitor currently owned by a thread: None

Heap:
 PSYoungGen      total 49152K, used 13668K [0x00000000e0000000, 0x00000000e3b80000, 0x0000000100000000)
  eden space 45056K, 21% used [0x00000000e0000000,0x00000000e09a3450,0x00000000e2c00000)
  from space 4096K, 92% used [0x00000000e3780000,0x00000000e3b35df8,0x00000000e3b80000)
  to   space 5632K, 0% used [0x00000000e3080000,0x00000000e3080000,0x00000000e3600000)
 ParOldGen       total 34304K, used 10101K [0x00000000a0000000, 0x00000000a2180000, 0x00000000e0000000)
  object space 34304K, 29% used [0x00000000a0000000,0x00000000a09dd6c8,0x00000000a2180000)
 Metaspace       used 24923K, capacity 25332K, committed 25728K, reserved 1071104K
  class space    used 3431K, capacity 3585K, committed 3712K, reserved 1048576K

Card table byte_map: [0x0000000012770000,0x0000000012a80000] byte_map_base: 0x0000000012270000

Marking Bits: (ParMarkBitMap*) 0x0000000053505aa0
 Begin Bits: [0x0000000013080000, 0x0000000014880000)
 End Bits:   [0x0000000014880000, 0x0000000016080000)

Polling page: 0x0000000001060000

CodeCache: size=245760Kb used=7975Kb max_used=7975Kb free=237784Kb
 bounds [0x00000000033b0000, 0x0000000003b80000, 0x00000000123b0000]
 total_blobs=2659 nmethods=2009 adapters=563
 compilation: enabled

Compilation events (10 events):
Event: 3.778 Thread 0x00000000180b0800 2006       3       java.io.ObjectOutputStream$BlockDataOutputStream::writeUTF (11 bytes)
Event: 3.778 Thread 0x00000000180b0800 nmethod 2006 0x0000000003b749d0 code [0x0000000003b74b40, 0x0000000003b74d18]
Event: 3.778 Thread 0x00000000180b0800 2007       3       java.io.ObjectOutputStream::writeByte (9 bytes)
Event: 3.778 Thread 0x00000000180b0800 nmethod 2007 0x0000000003b74dd0 code [0x0000000003b74f40, 0x0000000003b751e8]
Event: 3.778 Thread 0x00000000180b0800 2008       3       org.gradle.internal.logging.events.OutputEvent::<init> (5 bytes)
Event: 3.778 Thread 0x00000000180b0800 nmethod 2008 0x0000000003b75390 code [0x0000000003b754e0, 0x0000000003b75690]
Event: 3.780 Thread 0x00000000180b0800 2009       3       java.util.LinkedHashMap::afterNodeInsertion (40 bytes)
Event: 3.780 Thread 0x00000000180b0800 nmethod 2009 0x0000000003b75750 code [0x0000000003b758e0, 0x0000000003b75e08]
Event: 3.793 Thread 0x00000000180b0800 2010       3       org.objectweb.asm.ClassReader::readUnsignedShort (26 bytes)
Event: 3.793 Thread 0x00000000180b0800 nmethod 2010 0x0000000003b76190 code [0x0000000003b762e0, 0x0000000003b76490]

GC Heap History (10 events):
Event: 2.751 GC heap before
{Heap before GC invocations=7 (full 0):
 PSYoungGen      total 20992K, used 20656K [0x00000000e0000000, 0x00000000e2b00000, 0x0000000100000000)
  eden space 15872K, 100% used [0x00000000e0000000,0x00000000e0f80000,0x00000000e0f80000)
  from space 5120K, 93% used [0x00000000e1500000,0x00000000e19ac1b0,0x00000000e1a00000)
  to   space 5632K, 0% used [0x00000000e0f80000,0x00000000e0f80000,0x00000000e1500000)
 ParOldGen       total 44032K, used 5633K [0x00000000a0000000, 0x00000000a2b00000, 0x00000000e0000000)
  object space 44032K, 12% used [0x00000000a0000000,0x00000000a0580400,0x00000000a2b00000)
 Metaspace       used 15207K, capacity 15674K, committed 16000K, reserved 1062912K
  class space    used 2151K, capacity 2321K, committed 2432K, reserved 1048576K
Event: 2.757 GC heap after
Heap after GC invocations=7 (full 0):
 PSYoungGen      total 21504K, used 4159K [0x00000000e0000000, 0x00000000e2a00000, 0x0000000100000000)
  eden space 15872K, 0% used [0x00000000e0000000,0x00000000e0000000,0x00000000e0f80000)
  from space 5632K, 73% used [0x00000000e0f80000,0x00000000e138fd98,0x00000000e1500000)
  to   space 5632K, 0% used [0x00000000e2480000,0x00000000e2480000,0x00000000e2a00000)
 ParOldGen       total 44032K, used 6716K [0x00000000a0000000, 0x00000000a2b00000, 0x00000000e0000000)
  object space 44032K, 15% used [0x00000000a0000000,0x00000000a068f340,0x00000000a2b00000)
 Metaspace       used 15207K, capacity 15674K, committed 16000K, reserved 1062912K
  class space    used 2151K, capacity 2321K, committed 2432K, reserved 1048576K
}
Event: 2.919 GC heap before
{Heap before GC invocations=8 (full 0):
 PSYoungGen      total 21504K, used 20031K [0x00000000e0000000, 0x00000000e2a00000, 0x0000000100000000)
  eden space 15872K, 100% used [0x00000000e0000000,0x00000000e0f80000,0x00000000e0f80000)
  from space 5632K, 73% used [0x00000000e0f80000,0x00000000e138fd98,0x00000000e1500000)
  to   space 5632K, 0% used [0x00000000e2480000,0x00000000e2480000,0x00000000e2a00000)
 ParOldGen       total 44032K, used 6716K [0x00000000a0000000, 0x00000000a2b00000, 0x00000000e0000000)
  object space 44032K, 15% used [0x00000000a0000000,0x00000000a068f340,0x00000000a2b00000)
 Metaspace       used 16625K, capacity 17050K, committed 17152K, reserved 1064960K
  class space    used 2394K, capacity 2545K, committed 2560K, reserved 1048576K
Event: 2.926 GC heap after
Heap after GC invocations=8 (full 0):
 PSYoungGen      total 37376K, used 3476K [0x00000000e0000000, 0x00000000e2a00000, 0x0000000100000000)
  eden space 31744K, 0% used [0x00000000e0000000,0x00000000e0000000,0x00000000e1f00000)
  from space 5632K, 61% used [0x00000000e2480000,0x00000000e27e5348,0x00000000e2a00000)
  to   space 5632K, 0% used [0x00000000e1f00000,0x00000000e1f00000,0x00000000e2480000)
 ParOldGen       total 44032K, used 7628K [0x00000000a0000000, 0x00000000a2b00000, 0x00000000e0000000)
  object space 44032K, 17% used [0x00000000a0000000,0x00000000a0773360,0x00000000a2b00000)
 Metaspace       used 16625K, capacity 17050K, committed 17152K, reserved 1064960K
  class space    used 2394K, capacity 2545K, committed 2560K, reserved 1048576K
}
Event: 3.274 GC heap before
{Heap before GC invocations=9 (full 0):
 PSYoungGen      total 37376K, used 29012K [0x00000000e0000000, 0x00000000e2a00000, 0x0000000100000000)
  eden space 31744K, 80% used [0x00000000e0000000,0x00000000e18efdd0,0x00000000e1f00000)
  from space 5632K, 61% used [0x00000000e2480000,0x00000000e27e5348,0x00000000e2a00000)
  to   space 5632K, 0% used [0x00000000e1f00000,0x00000000e1f00000,0x00000000e2480000)
 ParOldGen       total 44032K, used 7628K [0x00000000a0000000, 0x00000000a2b00000, 0x00000000e0000000)
  object space 44032K, 17% used [0x00000000a0000000,0x00000000a0773360,0x00000000a2b00000)
 Metaspace       used 20786K, capacity 21156K, committed 21248K, reserved 1067008K
  class space    used 2893K, capacity 3032K, committed 3072K, reserved 1048576K
Event: 3.278 GC heap after
Heap after GC invocations=9 (full 0):
 PSYoungGen      total 37376K, used 4906K [0x00000000e0000000, 0x00000000e3d00000, 0x0000000100000000)
  eden space 31744K, 0% used [0x00000000e0000000,0x00000000e0000000,0x00000000e1f00000)
  from space 5632K, 87% used [0x00000000e1f00000,0x00000000e23cab18,0x00000000e2480000)
  to   space 5632K, 0% used [0x00000000e3780000,0x00000000e3780000,0x00000000e3d00000)
 ParOldGen       total 44032K, used 8556K [0x00000000a0000000, 0x00000000a2b00000, 0x00000000e0000000)
  object space 44032K, 19% used [0x00000000a0000000,0x00000000a085b3d8,0x00000000a2b00000)
 Metaspace       used 20786K, capacity 21156K, committed 21248K, reserved 1067008K
  class space    used 2893K, capacity 3032K, committed 3072K, reserved 1048576K
}
Event: 3.278 GC heap before
{Heap before GC invocations=10 (full 1):
 PSYoungGen      total 37376K, used 4906K [0x00000000e0000000, 0x00000000e3d00000, 0x0000000100000000)
  eden space 31744K, 0% used [0x00000000e0000000,0x00000000e0000000,0x00000000e1f00000)
  from space 5632K, 87% used [0x00000000e1f00000,0x00000000e23cab18,0x00000000e2480000)
  to   space 5632K, 0% used [0x00000000e3780000,0x00000000e3780000,0x00000000e3d00000)
 ParOldGen       total 44032K, used 8556K [0x00000000a0000000, 0x00000000a2b00000, 0x00000000e0000000)
  object space 44032K, 19% used [0x00000000a0000000,0x00000000a085b3d8,0x00000000a2b00000)
 Metaspace       used 20786K, capacity 21156K, committed 21248K, reserved 1067008K
  class space    used 2893K, capacity 3032K, committed 3072K, reserved 1048576K
Event: 3.311 GC heap after
Heap after GC invocations=10 (full 1):
 PSYoungGen      total 37376K, used 0K [0x00000000e0000000, 0x00000000e3d00000, 0x0000000100000000)
  eden space 31744K, 0% used [0x00000000e0000000,0x00000000e0000000,0x00000000e1f00000)
  from space 5632K, 0% used [0x00000000e1f00000,0x00000000e1f00000,0x00000000e2480000)
  to   space 5632K, 0% used [0x00000000e3780000,0x00000000e3780000,0x00000000e3d00000)
 ParOldGen       total 34304K, used 10093K [0x00000000a0000000, 0x00000000a2180000, 0x00000000e0000000)
  object space 34304K, 29% used [0x00000000a0000000,0x00000000a09db6c8,0x00000000a2180000)
 Metaspace       used 20786K, capacity 21156K, committed 21248K, reserved 1067008K
  class space    used 2893K, capacity 3032K, committed 3072K, reserved 1048576K
}
Event: 3.696 GC heap before
{Heap before GC invocations=11 (full 1):
 PSYoungGen      total 37376K, used 31744K [0x00000000e0000000, 0x00000000e3d00000, 0x0000000100000000)
  eden space 31744K, 100% used [0x00000000e0000000,0x00000000e1f00000,0x00000000e1f00000)
  from space 5632K, 0% used [0x00000000e1f00000,0x00000000e1f00000,0x00000000e2480000)
  to   space 5632K, 0% used [0x00000000e3780000,0x00000000e3780000,0x00000000e3d00000)
 ParOldGen       total 34304K, used 10093K [0x00000000a0000000, 0x00000000a2180000, 0x00000000e0000000)
  object space 34304K, 29% used [0x00000000a0000000,0x00000000a09db6c8,0x00000000a2180000)
 Metaspace       used 24124K, capacity 24558K, committed 24704K, reserved 1071104K
  class space    used 3305K, capacity 3456K, committed 3456K, reserved 1048576K
Event: 3.702 GC heap after
Heap after GC invocations=11 (full 1):
 PSYoungGen      total 49152K, used 3799K [0x00000000e0000000, 0x00000000e3b80000, 0x0000000100000000)
  eden space 45056K, 0% used [0x00000000e0000000,0x00000000e0000000,0x00000000e2c00000)
  from space 4096K, 92% used [0x00000000e3780000,0x00000000e3b35df8,0x00000000e3b80000)
  to   space 5632K, 0% used [0x00000000e3080000,0x00000000e3080000,0x00000000e3600000)
 ParOldGen       total 34304K, used 10101K [0x00000000a0000000, 0x00000000a2180000, 0x00000000e0000000)
  object space 34304K, 29% used [0x00000000a0000000,0x00000000a09dd6c8,0x00000000a2180000)
 Metaspace       used 24124K, capacity 24558K, committed 24704K, reserved 1071104K
  class space    used 3305K, capacity 3456K, committed 3456K, reserved 1048576K
}

Deoptimization events (10 events):
Event: 3.466 Thread 0x0000000019e12800 Uncommon trap: reason=class_check action=maybe_recompile pc=0x000000000398fa1c method=sun.misc.URLClassPath.getLoader(I)Lsun/misc/URLClassPath$Loader; @ 94
Event: 3.466 Thread 0x0000000019e12800 Uncommon trap: reason=class_check action=maybe_recompile pc=0x000000000394dacc method=sun.misc.URLClassPath.getResource(Ljava/lang/String;Z)Lsun/misc/Resource; @ 62
Event: 3.470 Thread 0x0000000019e12800 Uncommon trap: reason=unstable_if action=reinterpret pc=0x00000000038426c4 method=java.lang.ClassLoader.getClassLoadingLock(Ljava/lang/String;)Ljava/lang/Object; @ 6
Event: 3.493 Thread 0x0000000019e12800 Uncommon trap: reason=class_check action=maybe_recompile pc=0x000000000398fee8 method=sun.misc.URLClassPath.getLoader(I)Lsun/misc/URLClassPath$Loader; @ 239
Event: 3.507 Thread 0x0000000019e12800 Uncommon trap: reason=class_check action=maybe_recompile pc=0x000000000398fee8 method=sun.misc.URLClassPath.getLoader(I)Lsun/misc/URLClassPath$Loader; @ 239
Event: 3.666 Thread 0x0000000019e12800 Uncommon trap: reason=unstable_if action=reinterpret pc=0x0000000003837120 method=java.util.HashMap.hash(Ljava/lang/Object;)I @ 1
Event: 3.730 Thread 0x0000000019e12800 Uncommon trap: reason=unstable_if action=reinterpret pc=0x00000000036212b8 method=java.util.HashMap.getNode(ILjava/lang/Object;)Ljava/util/HashMap$Node; @ 53
Event: 3.730 Thread 0x0000000019e12800 Uncommon trap: reason=unstable_if action=reinterpret pc=0x0000000003644c70 method=java.util.HashMap.hash(Ljava/lang/Object;)I @ 1
Event: 3.730 Thread 0x0000000019e12800 Uncommon trap: reason=unstable_if action=reinterpret pc=0x000000000380e158 method=java.util.HashMap.putVal(ILjava/lang/Object;Ljava/lang/Object;ZZ)Ljava/lang/Object; @ 85
Event: 3.741 Thread 0x0000000019e12800 Uncommon trap: reason=unstable_if action=reinterpret pc=0x0000000003675c70 method=java.util.LinkedHashMap.afterNodeInsertion(Z)V @ 1

Classes redefined (0 events):
No events

Internal exceptions (10 events):
Event: 3.558 Thread 0x0000000019e12800 Exception <a 'java/lang/ClassNotFoundException': org/gradle/api/internal/project/AbstractPluginAwareBeanInfo> (0x00000000e10cd6f8) thrown at [D:\src\AOSP-openjdk-cygwin\jdk8u\hotspot\src\share\vm\classfile\systemDictionary.cpp, line 210]
Event: 3.559 Thread 0x0000000019e12800 Exception <a 'java/lang/ClassNotFoundException': org/gradle/api/internal/project/AbstractPluginAwareCustomizer> (0x00000000e10f97c8) thrown at [D:\src\AOSP-openjdk-cygwin\jdk8u\hotspot\src\share\vm\classfile\systemDictionary.cpp, line 210]
Event: 3.560 Thread 0x0000000019e12800 Exception <a 'java/lang/ClassNotFoundException': org/gradle/initialization/DefaultSettingsCustomizer> (0x00000000e1128d88) thrown at [D:\src\AOSP-openjdk-cygwin\jdk8u\hotspot\src\share\vm\classfile\systemDictionary.cpp, line 210]
Event: 3.562 Thread 0x0000000019e12800 Exception <a 'java/lang/ClassNotFoundException': org/gradle/initialization/DefaultSettings_DecoratedCustomizer> (0x00000000e1193be8) thrown at [D:\src\AOSP-openjdk-cygwin\jdk8u\hotspot\src\share\vm\classfile\systemDictionary.cpp, line 210]
Event: 3.568 Thread 0x0000000019e12800 Exception <a 'java/lang/NoSuchMethodError': <clinit>> (0x00000000e1233690) thrown at [D:\src\AOSP-openjdk-cygwin\jdk8u\hotspot\src\share\vm\prims\jni.cpp, line 1613]
Event: 3.570 Thread 0x0000000019e12800 Exception <a 'java/lang/NoSuchMethodError': <clinit>> (0x00000000e1258f58) thrown at [D:\src\AOSP-openjdk-cygwin\jdk8u\hotspot\src\share\vm\prims\jni.cpp, line 1613]
Event: 3.570 Thread 0x0000000019e12800 Exception <a 'java/lang/NoSuchMethodError': <clinit>> (0x00000000e125a410) thrown at [D:\src\AOSP-openjdk-cygwin\jdk8u\hotspot\src\share\vm\prims\jni.cpp, line 1613]
Event: 3.570 Thread 0x0000000019e12800 Exception <a 'java/lang/NoSuchMethodError': <clinit>> (0x00000000e125c170) thrown at [D:\src\AOSP-openjdk-cygwin\jdk8u\hotspot\src\share\vm\prims\jni.cpp, line 1613]
Event: 3.666 Thread 0x0000000019e12800 Implicit null exception at 0x0000000003836f15 to 0x0000000003837111
Event: 3.730 Thread 0x0000000019e12800 Implicit null exception at 0x0000000003644bd8 to 0x0000000003644c66

Events (10 events):
Event: 3.788 loading class com/google/common/io/ByteStreams$LimitedInputStream
Event: 3.788 loading class com/google/common/io/ByteStreams$LimitedInputStream done
Event: 3.788 loading class com/google/common/io/ByteStreams$1
Event: 3.788 loading class com/google/common/io/ByteStreams$1 done
Event: 3.789 loading class org/objectweb/asm/ClassReader
Event: 3.789 loading class org/objectweb/asm/ClassReader done
Event: 3.792 loading class org/objectweb/asm/Attribute
Event: 3.792 loading class org/objectweb/asm/Attribute done
Event: 3.793 loading class org/objectweb/asm/Context
Event: 3.793 loading class org/objectweb/asm/Context done


Dynamic libraries:
0x00007ff729350000 - 0x00007ff729381000 	C:\Program Files\Android\Android Studio\jre\bin\java.exe
0x00007ffe134c0000 - 0x00007ffe136ad000 	C:\windows\SYSTEM32\ntdll.dll
0x00007ffe12df0000 - 0x00007ffe12ea3000 	C:\windows\System32\KERNEL32.DLL
0x00007ffe0f690000 - 0x00007ffe0f923000 	C:\windows\System32\KERNELBASE.dll
0x00007ffe108a0000 - 0x00007ffe10943000 	C:\windows\System32\ADVAPI32.dll
0x00007ffe12c90000 - 0x00007ffe12d2e000 	C:\windows\System32\msvcrt.dll
0x00007ffe133f0000 - 0x00007ffe1348e000 	C:\windows\System32\sechost.dll
0x00007ffe12340000 - 0x00007ffe12463000 	C:\windows\System32\RPCRT4.dll
0x00007ffe12950000 - 0x00007ffe12ae7000 	C:\windows\System32\USER32.dll
0x00007ffe0fab0000 - 0x00007ffe0fad0000 	C:\windows\System32\win32u.dll
0x00007ffe13170000 - 0x00007ffe13199000 	C:\windows\System32\GDI32.dll
0x00007ffe0fb70000 - 0x00007ffe0fd0a000 	C:\windows\System32\gdi32full.dll
0x00007ffe0fad0000 - 0x00007ffe0fb70000 	C:\windows\System32\msvcp_win.dll
0x00007ffe0f590000 - 0x00007ffe0f68c000 	C:\windows\System32\ucrtbase.dll
0x00007ffe03b50000 - 0x00007ffe03dc9000 	C:\windows\WinSxS\amd64_microsoft.windows.common-controls_6595b64144ccf1df_6.0.17763.134_none_05b3373a07211a5c\COMCTL32.dll
0x00007ffe10950000 - 0x00007ffe10c7d000 	C:\windows\System32\combase.dll
0x00007ffe0fa00000 - 0x00007ffe0fa7e000 	C:\windows\System32\bcryptPrimitives.dll
0x00007ffe10710000 - 0x00007ffe1073e000 	C:\windows\System32\IMM32.DLL
0x0000000052b20000 - 0x0000000052bf2000 	C:\Program Files\Android\Android Studio\jre\jre\bin\msvcr100.dll
0x0000000052d40000 - 0x0000000053581000 	C:\Program Files\Android\Android Studio\jre\jre\bin\server\jvm.dll
0x00007ffe106f0000 - 0x00007ffe106f8000 	C:\windows\System32\PSAPI.DLL
0x00007ffe09ff0000 - 0x00007ffe09ffa000 	C:\windows\SYSTEM32\VERSION.dll
0x00007ffe0d540000 - 0x00007ffe0d564000 	C:\windows\SYSTEM32\WINMM.dll
0x00007ffe033f0000 - 0x00007ffe033f9000 	C:\windows\SYSTEM32\WSOCK32.dll
0x00007ffe12c20000 - 0x00007ffe12c8d000 	C:\windows\System32\WS2_32.dll
0x00007ffe0d510000 - 0x00007ffe0d53d000 	C:\windows\SYSTEM32\winmmbase.dll
0x00007ffe0fd10000 - 0x00007ffe0fd5a000 	C:\windows\System32\cfgmgr32.dll
0x00007ffe00050000 - 0x00007ffe0005f000 	C:\Program Files\Android\Android Studio\jre\jre\bin\verify.dll
0x00007ffddaea0000 - 0x00007ffddaec9000 	C:\Program Files\Android\Android Studio\jre\jre\bin\java.dll
0x00007ffdf9470000 - 0x00007ffdf9486000 	C:\Program Files\Android\Android Studio\jre\jre\bin\zip.dll
0x00007ffe10e50000 - 0x00007ffe1233f000 	C:\windows\System32\SHELL32.dll
0x00007ffe130c0000 - 0x00007ffe13168000 	C:\windows\System32\shcore.dll
0x00007ffe0ffa0000 - 0x00007ffe106e8000 	C:\windows\System32\windows.storage.dll
0x00007ffe0f560000 - 0x00007ffe0f584000 	C:\windows\System32\profapi.dll
0x00007ffe0f4c0000 - 0x00007ffe0f51d000 	C:\windows\System32\powrprof.dll
0x00007ffe12eb0000 - 0x00007ffe12f02000 	C:\windows\System32\shlwapi.dll
0x00007ffe0f520000 - 0x00007ffe0f531000 	C:\windows\System32\kernel.appcore.dll
0x00007ffe0f930000 - 0x00007ffe0f947000 	C:\windows\System32\cryptsp.dll
0x00007ffdf8260000 - 0x00007ffdf827a000 	C:\Program Files\Android\Android Studio\jre\jre\bin\net.dll
0x00007ffe0ece0000 - 0x00007ffe0ed47000 	C:\windows\system32\mswsock.dll
0x00007ffdd03b0000 - 0x00007ffdd03c1000 	C:\Program Files\Android\Android Studio\jre\jre\bin\nio.dll
0x00007ffe079c0000 - 0x00007ffe079de000 	C:\Users\ADG\.gradle\native\25\windows-amd64\native-platform.dll
0x00007ffdf8000000 - 0x00007ffdf800d000 	C:\Program Files\Android\Android Studio\jre\jre\bin\management.dll
0x00007ffe0e840000 - 0x00007ffe0e873000 	C:\windows\system32\rsaenh.dll
0x00007ffe0fa80000 - 0x00007ffe0faa6000 	C:\windows\System32\bcrypt.dll
0x00007ffe0f380000 - 0x00007ffe0f3a8000 	C:\windows\SYSTEM32\USERENV.dll
0x00007ffe0eeb0000 - 0x00007ffe0eebc000 	C:\windows\SYSTEM32\CRYPTBASE.dll
0x00007ffe0ea40000 - 0x00007ffe0ea7d000 	C:\windows\SYSTEM32\IPHLPAPI.DLL
0x00007ffe12de0000 - 0x00007ffe12de8000 	C:\windows\System32\NSI.dll
0x00007ffe09e40000 - 0x00007ffe09e56000 	C:\windows\SYSTEM32\dhcpcsvc6.DLL
0x00007ffe09180000 - 0x00007ffe0919c000 	C:\windows\SYSTEM32\dhcpcsvc.DLL
0x00007ffe0ea80000 - 0x00007ffe0eb46000 	C:\windows\SYSTEM32\DNSAPI.dll

VM Arguments:
jvm_args: -Xmx1536m -Dfile.encoding=GBK -Duser.country=CN -Duser.language=zh -Duser.variant 
java_command: org.gradle.launcher.daemon.bootstrap.GradleDaemon 4.10.1
java_class_path (initial): C:\Users\ADG\.gradle\wrapper\dists\gradle-4.10.1-all\455itskqi2qtf0v2sja68alqd\gradle-4.10.1\lib\gradle-launcher-4.10.1.jar
Launcher Type: SUN_STANDARD

Environment Variables:
PATH=C:\windows\system32;C:\windows;C:\windows\System32\Wbem;C:\windows\System32\WindowsPowerShell\v1.0\;C:\windows\System32\OpenSSH\;C:\Program Files\Git\cmd;C:\Program Files\PuTTY\;C:\Users\ADG\AppData\Local\Programs\Python\Python37\Scripts\;C:\Users\ADG\AppData\Local\Programs\Python\Python37\;C:\Users\ADG\AppData\Local\Microsoft\WindowsApps;
USERNAME=ADG
OS=Windows_NT
PROCESSOR_IDENTIFIER=Intel64 Family 6 Model 94 Stepping 3, GenuineIntel



---------------  S Y S T E M  ---------------

OS: Windows 10.0 , 64 bit Build 17763 (10.0.17763.1)

CPU:total 4 (initial active 4) (4 cores per cpu, 1 threads per core) family 6 model 94 stepping 3, cmov, cx8, fxsr, mmx, sse, sse2, sse3, ssse3, sse4.1, sse4.2, popcnt, avx, avx2, aes, clmul, erms, rtm, 3dnowpref, lzcnt, tsc, tscinvbit, bmi1, bmi2, adx

Memory: 4k page, physical 4123016k(428888k free), swap 4123016k(6760k free)

vm_info: OpenJDK 64-Bit Server VM (25.152-b01) for windows-amd64 JRE (1.8.0_152-release-1248-b01), built by "builder" with MS VC++ 10.0 (VS2010)

time: Fri Feb 08 15:33:22 2019
elapsed time: 3 seconds (0d 0h 0m 3s)

